<?xml version="1.0" encoding="UTF-8"?>
<testng-results ignored="0" total="4" passed="4" failed="0" skipped="0">
  <reporter-output>
  </reporter-output>
  <suite started-at="2024-09-11T16:33:37 IST" name="Default suite" finished-at="2024-09-11T16:34:40 IST" duration-ms="62420">
    <groups>
    </groups>
    <test started-at="2024-09-11T16:33:37 IST" name="Default test" finished-at="2024-09-11T16:34:40 IST" duration-ms="62420">
      <class name="testcases.LoginPageTest">
        <test-method is-config="true" signature="setup()[pri:0, instance:testcases.LoginPageTest@34e9fd99]" started-at="2024-09-11T16:32:16 IST" name="setup" finished-at="2024-09-11T16:33:37 IST" duration-ms="81590" status="PASS">
          <reporter-output>
          </reporter-output>
        </test-method> <!-- setup -->
        <test-method signature="loginTest(java.lang.String,java.lang.String)[pri:0, instance:testcases.LoginPageTest@34e9fd99]" started-at="2024-09-11T16:33:55 IST" name="loginTest" data-provider="Login Data" finished-at="2024-09-11T16:34:21 IST" duration-ms="26076" status="PASS">
          <params>
            <param index="0">
              <value>
                <![CDATA[kkvenkat198@gmail.com]]>
              </value>
            </param>
            <param index="1">
              <value>
                <![CDATA[Venkat123@]]>
              </value>
            </param>
          </params>
          <reporter-output>
          </reporter-output>
        </test-method> <!-- loginTest -->
        <test-method signature="loginTest(java.lang.String,java.lang.String)[pri:0, instance:testcases.LoginPageTest@34e9fd99]" started-at="2024-09-11T16:34:21 IST" name="loginTest" data-provider="Login Data" finished-at="2024-09-11T16:34:28 IST" duration-ms="6559" status="PASS">
          <params>
            <param index="0">
              <value>
                <![CDATA[kvenkat90@gmail.com]]>
              </value>
            </param>
            <param index="1">
              <value>
                <![CDATA[Venkat12345@]]>
              </value>
            </param>
          </params>
          <reporter-output>
          </reporter-output>
        </test-method> <!-- loginTest -->
        <test-method signature="loginTest(java.lang.String,java.lang.String)[pri:0, instance:testcases.LoginPageTest@34e9fd99]" started-at="2024-09-11T16:34:28 IST" name="loginTest" data-provider="Login Data" finished-at="2024-09-11T16:34:35 IST" duration-ms="6715" status="PASS">
          <params>
            <param index="0">
              <value>
                <![CDATA[kkvenkat1998@gmail.com]]>
              </value>
            </param>
            <param index="1">
              <value>
                <![CDATA[Venkat1234@]]>
              </value>
            </param>
          </params>
          <reporter-output>
          </reporter-output>
        </test-method> <!-- loginTest -->
        <test-method signature="loginTest(java.lang.String,java.lang.String)[pri:0, instance:testcases.LoginPageTest@34e9fd99]" started-at="2024-09-11T16:34:35 IST" name="loginTest" data-provider="Login Data" finished-at="2024-09-11T16:34:40 IST" duration-ms="4825" status="PASS">
          <params>
            <param index="0">
              <value>
                <![CDATA[kkvenkat1998@gmail.com]]>
              </value>
            </param>
            <param index="1">
              <value>
                <![CDATA[Venkat123@]]>
              </value>
            </param>
          </params>
          <reporter-output>
          </reporter-output>
        </test-method> <!-- loginTest -->
        <test-method is-config="true" signature="tearDown()[pri:0, instance:testcases.LoginPageTest@34e9fd99]" started-at="2024-09-11T16:34:42 IST" name="tearDown" finished-at="2024-09-11T16:35:14 IST" duration-ms="31939" status="PASS">
          <reporter-output>
          </reporter-output>
        </test-method> <!-- tearDown -->
      </class> <!-- testcases.LoginPageTest -->
    </test> <!-- Default test -->
  </suite> <!-- Default suite -->
</testng-results>
