<?xml version="1.0" encoding="UTF-8"?>
<!-- Generated by org.testng.reporters.JUnitXMLReporter -->
<testsuite ignored="0" hostname="user-PC" failures="0" tests="4" name="Default test" time="62.42" errors="0" timestamp="2024-09-11T16:34:41 IST">
  <testcase classname="testcases.LoginPageTest" name="loginTest" time="26.076"/>
  <testcase classname="testcases.LoginPageTest" name="loginTest" time="6.559"/>
  <testcase classname="testcases.LoginPageTest" name="loginTest" time="6.715"/>
  <testcase classname="testcases.LoginPageTest" name="loginTest" time="4.825"/>
</testsuite> <!-- Default test -->
